platforms/android/app/build/outputs/logs/manifest-merger-release-report.txt
-- Merging decision tree log ---
provider#org.apache.cordova.camera.FileProvider
INJECTED from src/main/AndroidManifest.xml:12:9-14:20
	android:grantUriPermissions
		ADDED from src/main/AndroidManifest.xml:12:92-126
	android:authorities
		INJECTED from src/main/AndroidManifest.xml
		ADDED from src/main/AndroidManifest.xml:12:19-66
	android:exported
		ADDED from src/main/AndroidManifest.xml:12:67-91
	android:name
		ADDED from src/main/AndroidManifest.xml:12:127-180
provider#de.appplant.cordova.emailcomposer.Provider
INJECTED from src/main/AndroidManifest.xml:15:9-17:20
	android:grantUriPermissions
		ADDED from src/main/AndroidManifest.xml:15:92-126
	android:authorities
		INJECTED from src/main/AndroidManifest.xml
		ADDED from src/main/AndroidManifest.xml:15:19-66
	android:exported
		ADDED from src/main/AndroidManifest.xml:15:67-91
	android:name
		ADDED from src/main/AndroidManifest.xml:15:127-184
provider#de.appplant.cordova.plugin.notification.util.AssetProvider
INJECTED from src/main/AndroidManifest.xml:18:9-20:20
	android:grantUriPermissions
		ADDED from src/main/AndroidManifest.xml:18:92-126
	android:authorities
		INJECTED from src/main/AndroidManifest.xml
		ADDED from src/main/AndroidManifest.xml:18:19-66
	android:exported
		ADDED from src/main/AndroidManifest.xml:18:67-91
	android:name
		ADDED from src/main/AndroidManifest.xml:18:127-200
provider#nl.xservices.plugins.FileProvider
INJECTED from src/main/AndroidManifest.xml:29:9-31:20
	android:grantUriPermissions
		ADDED from src/main/AndroidManifest.xml:29:100-134
	android:authorities
		INJECTED from src/main/AndroidManifest.xml
		ADDED from src/main/AndroidManifest.xml:29:19-74
	android:exported
		ADDED from src/main/AndroidManifest.xml:29:75-99
	android:name
		ADDED from src/main/AndroidManifest.xml:29:135-183
activity#com.adobe.phonegap.push.PushHandlerActivity
INJECTED from src/main/AndroidManifest.xml:34:9-173
	android:exported
		ADDED from src/main/AndroidManifest.xml:34:19-42
	android:permission
		INJECTED from src/main/AndroidManifest.xml
		ADDED from src/main/AndroidManifest.xml:34:102-170
	android:name
		ADDED from src/main/AndroidManifest.xml:34:43-101
manifest
ADDED from src/main/AndroidManifest.xml:2:1-57:12
INJECTED from src/main/AndroidManifest.xml:2:1-57:12
INJECTED from src/main/AndroidManifest.xml:2:1-57:12
INJECTED from src/main/AndroidManifest.xml:2:1-57:12
MERGED from [me.leolin:ShortcutBadger:1.1.22] AndroidManifest.xml:2:1-52:12
MERGED from [com.android.support:design:28.0.0] AndroidManifest.xml:17:1-24:12
MERGED from [com.android.support:appcompat-v7:28.0.0] AndroidManifest.xml:17:1-22:12
MERGED from [com.android.support:cardview-v7:28.0.0] AndroidManifest.xml:17:1-22:12
MERGED from [com.squareup.picasso:picasso:2.71828] AndroidManifest.xml:2:1-14:12
MERGED from [com.android.support:recyclerview-v7:28.0.0] AndroidManifest.xml:17:1-22:12
MERGED from [com.android.support:multidex:1.0.2] AndroidManifest.xml:17:1-22:12
MERGED from [:peb-lib:] AndroidManifest.xml:2:1-126:12
MERGED from [com.android.support:support-v13:28.0.0] AndroidManifest.xml:17:1-22:12
MERGED from [com.google.firebase:firebase-messaging:11.6.2] AndroidManifest.xml:16:1-30:12
MERGED from [com.google.firebase:firebase-core:11.6.2] AndroidManifest.xml:2:1-6:12
MERGED from [com.google.firebase:firebase-analytics:11.6.2] AndroidManifest.xml:16:1-35:12
MERGED from [com.google.firebase:firebase-analytics-impl:11.6.2] AndroidManifest.xml:16:1-29:12
MERGED from [com.google.firebase:firebase-iid:11.6.2] AndroidManifest.xml:16:1-47:12
MERGED from [com.google.firebase:firebase-common:11.6.2] AndroidManifest.xml:2:1-8:12
MERGED from [com.google.android.gms:play-services-tasks:11.6.2] AndroidManifest.xml:2:1-5:12
MERGED from [com.google.android.gms:play-services-basement:11.6.2] AndroidManifest.xml:16:1-23:12
MERGED from [com.android.support:support-v4:28.0.0] AndroidManifest.xml:17:1-22:12
MERGED from [:CordovaLib] AndroidManifest.xml:20:1-27:12
MERGED from [com.android.support:support-fragment:28.0.0] AndroidManifest.xml:17:1-22:12
MERGED from [com.android.support:animated-vector-drawable:28.0.0] AndroidManifest.xml:17:1-22:12
MERGED from [com.android.support:support-core-ui:28.0.0] AndroidManifest.xml:17:1-22:12
MERGED from [com.android.support:support-core-utils:28.0.0] AndroidManifest.xml:17:1-22:12
MERGED from [com.android.support:transition:28.0.0] AndroidManifest.xml:17:1-22:12
MERGED from [com.android.support:support-vector-drawable:28.0.0] AndroidManifest.xml:17:1-22:12
MERGED from [com.android.support:viewpager:28.0.0] AndroidManifest.xml:17:1-22:12
MERGED from [com.android.support:coordinatorlayout:28.0.0] AndroidManifest.xml:17:1-22:12
MERGED from [com.android.support:drawerlayout:28.0.0] AndroidManifest.xml:17:1-22:12
MERGED from [com.android.support:slidingpanelayout:28.0.0] AndroidManifest.xml:17:1-22:12
MERGED from [com.android.support:customview:28.0.0] AndroidManifest.xml:17:1-22:12
MERGED from [com.android.support:swiperefreshlayout:28.0.0] AndroidManifest.xml:17:1-22:12
MERGED from [com.android.support:asynclayoutinflater:28.0.0] AndroidManifest.xml:17:1-22:12
MERGED from [com.android.support:loader:28.0.0] AndroidManifest.xml:17:1-22:12
MERGED from [com.android.support:support-media-compat:28.0.0] AndroidManifest.xml:17:1-22:12
MERGED from [com.android.support:support-compat:28.0.0] AndroidManifest.xml:17:1-24:12
MERGED from [com.android.support:versionedparcelable:28.0.0] AndroidManifest.xml:17:1-25:12
MERGED from [com.android.support:cursoradapter:28.0.0] AndroidManifest.xml:17:1-22:12
MERGED from [com.android.support:exifinterface:27.1.0] AndroidManifest.xml:17:1-22:12
MERGED from [android.arch.lifecycle:runtime:1.1.1] AndroidManifest.xml:17:1-22:12
MERGED from [com.android.support:interpolator:28.0.0] AndroidManifest.xml:17:1-22:12
MERGED from [com.android.support:documentfile:28.0.0] AndroidManifest.xml:17:1-22:12
MERGED from [com.android.support:localbroadcastmanager:28.0.0] AndroidManifest.xml:17:1-22:12
MERGED from [com.android.support:print:28.0.0] AndroidManifest.xml:17:1-22:12
MERGED from [android.arch.lifecycle:viewmodel:1.1.1] AndroidManifest.xml:17:1-22:12
MERGED from [android.arch.lifecycle:livedata:1.1.1] AndroidManifest.xml:17:1-22:12
MERGED from [android.arch.lifecycle:livedata-core:1.1.1] AndroidManifest.xml:17:1-22:12
MERGED from [android.arch.core:runtime:1.1.1] AndroidManifest.xml:17:1-22:12
MERGED from [com.google.firebase:firebase-messaging-license:11.6.2] AndroidManifest.xml:2:1-6:12
MERGED from [com.google.firebase:firebase-iid-license:11.6.2] AndroidManifest.xml:2:1-6:12
MERGED from [com.google.android.gms:play-services-basement-license:11.6.2] AndroidManifest.xml:2:1-6:12
MERGED from [com.google.firebase:firebase-common-license:11.6.2] AndroidManifest.xml:2:1-6:12
MERGED from [com.google.firebase:firebase-analytics-license:11.6.2] AndroidManifest.xml:2:1-6:12
MERGED from [com.google.android.gms:play-services-tasks-license:11.6.2] AndroidManifest.xml:2:1-6:12
MERGED from [com.google.firebase:firebase-analytics-impl-license:11.6.2] AndroidManifest.xml:2:1-6:12
INJECTED from src/main/AndroidManifest.xml:2:1-57:12
INJECTED from src/main/AndroidManifest.xml:2:1-57:12
INJECTED from src/main/AndroidManifest.xml:2:1-57:12
	package
		ADDED from src/main/AndroidManifest.xml:2:98-127
		INJECTED from src/main/AndroidManifest.xml
		INJECTED from src/main/AndroidManifest.xml
	android:versionName
		ADDED from src/main/AndroidManifest.xml:2:70-97
		INJECTED from src/main/AndroidManifest.xml
		INJECTED from src/main/AndroidManifest.xml
	android:hardwareAccelerated
		ADDED from src/main/AndroidManifest.xml:2:11-45
	xmlns:android
		ADDED from src/main/AndroidManifest.xml:2:128-186
	android:versionCode
		ADDED from src/main/AndroidManifest.xml:2:46-69
		INJECTED from src/main/AndroidManifest.xml
		INJECTED from src/main/AndroidManifest.xml
supports-screens
ADDED from src/main/AndroidManifest.xml:3:5-191
	android:largeScreens
		ADDED from src/main/AndroidManifest.xml:3:49-76
	android:smallScreens
		ADDED from src/main/AndroidManifest.xml:3:132-159
	android:normalScreens
		ADDED from src/main/AndroidManifest.xml:3:77-105
	android:xlargeScreens
		ADDED from src/main/AndroidManifest.xml:3:160-188
	android:resizeable
		ADDED from src/main/AndroidManifest.xml:3:106-131
	android:anyDensity
		ADDED from src/main/AndroidManifest.xml:3:23-48
uses-permission#android.permission.INTERNET
ADDED from src/main/AndroidManifest.xml:4:5-67
MERGED from [:peb-lib:] AndroidManifest.xml:13:5-67
MERGED from [:peb-lib:] AndroidManifest.xml:13:5-67
MERGED from [com.google.firebase:firebase-analytics:11.6.2] AndroidManifest.xml:20:5-66
MERGED from [com.google.firebase:firebase-analytics:11.6.2] AndroidManifest.xml:20:5-66
MERGED from [com.google.firebase:firebase-analytics-impl:11.6.2] AndroidManifest.xml:20:5-66
MERGED from [com.google.firebase:firebase-analytics-impl:11.6.2] AndroidManifest.xml:20:5-66
MERGED from [com.google.firebase:firebase-iid:11.6.2] AndroidManifest.xml:20:5-66
MERGED from [com.google.firebase:firebase-iid:11.6.2] AndroidManifest.xml:20:5-66
	android:name
		ADDED from src/main/AndroidManifest.xml:4:22-64
application
ADDED from src/main/AndroidManifest.xml:5:5-47:19
MERGED from [com.android.support:design:28.0.0] AndroidManifest.xml:22:5-20
MERGED from [com.android.support:design:28.0.0] AndroidManifest.xml:22:5-20
MERGED from [com.squareup.picasso:picasso:2.71828] AndroidManifest.xml:7:5-12:19
MERGED from [com.squareup.picasso:picasso:2.71828] AndroidManifest.xml:7:5-12:19
MERGED from [:peb-lib:] AndroidManifest.xml:16:5-124:19
MERGED from [:peb-lib:] AndroidManifest.xml:16:5-124:19
MERGED from [com.google.firebase:firebase-messaging:11.6.2] AndroidManifest.xml:19:5-29:19
MERGED from [com.google.firebase:firebase-messaging:11.6.2] AndroidManifest.xml:19:5-29:19
MERGED from [com.google.firebase:firebase-core:11.6.2] AndroidManifest.xml:5:5-20
MERGED from [com.google.firebase:firebase-core:11.6.2] AndroidManifest.xml:5:5-20
MERGED from [com.google.firebase:firebase-analytics:11.6.2] AndroidManifest.xml:24:5-34:19
MERGED from [com.google.firebase:firebase-analytics:11.6.2] AndroidManifest.xml:24:5-34:19
MERGED from [com.google.firebase:firebase-analytics-impl:11.6.2] AndroidManifest.xml:24:5-28:19
MERGED from [com.google.firebase:firebase-analytics-impl:11.6.2] AndroidManifest.xml:24:5-28:19
MERGED from [com.google.firebase:firebase-iid:11.6.2] AndroidManifest.xml:29:5-46:19
MERGED from [com.google.firebase:firebase-iid:11.6.2] AndroidManifest.xml:29:5-46:19
MERGED from [com.google.firebase:firebase-common:11.6.2] AndroidManifest.xml:4:5-7:19
MERGED from [com.google.firebase:firebase-common:11.6.2] AndroidManifest.xml:4:5-7:19
MERGED from [com.google.android.gms:play-services-tasks:11.6.2] AndroidManifest.xml:4:5-19
MERGED from [com.google.android.gms:play-services-tasks:11.6.2] AndroidManifest.xml:4:5-19
MERGED from [com.google.android.gms:play-services-basement:11.6.2] AndroidManifest.xml:19:5-21:19
MERGED from [com.google.android.gms:play-services-basement:11.6.2] AndroidManifest.xml:19:5-21:19
MERGED from [com.android.support:support-compat:28.0.0] AndroidManifest.xml:22:5-94
MERGED from [com.android.support:support-compat:28.0.0] AndroidManifest.xml:22:5-94
MERGED from [com.android.support:versionedparcelable:28.0.0] AndroidManifest.xml:22:5-23:19
MERGED from [com.android.support:versionedparcelable:28.0.0] AndroidManifest.xml:22:5-23:19
MERGED from [com.google.firebase:firebase-messaging-license:11.6.2] AndroidManifest.xml:5:5-20
MERGED from [com.google.firebase:firebase-messaging-license:11.6.2] AndroidManifest.xml:5:5-20
MERGED from [com.google.firebase:firebase-iid-license:11.6.2] AndroidManifest.xml:5:5-20
MERGED from [com.google.firebase:firebase-iid-license:11.6.2] AndroidManifest.xml:5:5-20
MERGED from [com.google.android.gms:play-services-basement-license:11.6.2] AndroidManifest.xml:5:5-20
MERGED from [com.google.android.gms:play-services-basement-license:11.6.2] AndroidManifest.xml:5:5-20
MERGED from [com.google.firebase:firebase-common-license:11.6.2] AndroidManifest.xml:5:5-20
MERGED from [com.google.firebase:firebase-common-license:11.6.2] AndroidManifest.xml:5:5-20
MERGED from [com.google.firebase:firebase-analytics-license:11.6.2] AndroidManifest.xml:5:5-20
MERGED from [com.google.firebase:firebase-analytics-license:11.6.2] AndroidManifest.xml:5:5-20
MERGED from [com.google.android.gms:play-services-tasks-license:11.6.2] AndroidManifest.xml:5:5-20
MERGED from [com.google.android.gms:play-services-tasks-license:11.6.2] AndroidManifest.xml:5:5-20
MERGED from [com.google.firebase:firebase-analytics-impl-license:11.6.2] AndroidManifest.xml:5:5-20
MERGED from [com.google.firebase:firebase-analytics-impl-license:11.6.2] AndroidManifest.xml:5:5-20
	android:appComponentFactory
		ADDED from [com.android.support:support-compat:28.0.0] AndroidManifest.xml:22:18-91
	android:supportsRtl
		ADDED from src/main/AndroidManifest.xml:5:175-201
	android:label
		ADDED from src/main/AndroidManifest.xml:5:81-113
	android:hardwareAccelerated
		ADDED from src/main/AndroidManifest.xml:5:18-52
	android:allowBackup
		ADDED from [:peb-lib:] AndroidManifest.xml:17:9-35
	android:icon
		ADDED from src/main/AndroidManifest.xml:5:53-80
	android:networkSecurityConfig
		ADDED from src/main/AndroidManifest.xml:5:114-174
	android:usesCleartextTraffic
		ADDED from src/main/AndroidManifest.xml:5:202-237
activity#com.securetrade.pro.MainActivity
ADDED from src/main/AndroidManifest.xml:6:9-11:20
	android:label
		ADDED from src/main/AndroidManifest.xml:6:97-134
	android:launchMode
		ADDED from src/main/AndroidManifest.xml:6:135-165
	android:windowSoftInputMode
		ADDED from src/main/AndroidManifest.xml:6:257-299
	android:configChanges
		ADDED from src/main/AndroidManifest.xml:6:19-96
	android:theme
		ADDED from src/main/AndroidManifest.xml:6:194-256
	android:name
		ADDED from src/main/AndroidManifest.xml:6:166-193
intent-filter#android.intent.action.MAIN+android.intent.category.LAUNCHER
ADDED from src/main/AndroidManifest.xml:7:13-10:29
	android:label
		ADDED from src/main/AndroidManifest.xml:7:28-65
action#android.intent.action.MAIN
ADDED from src/main/AndroidManifest.xml:8:17-69
	android:name
		ADDED from src/main/AndroidManifest.xml:8:25-66
category#android.intent.category.LAUNCHER
ADDED from src/main/AndroidManifest.xml:9:17-77
	android:name
		ADDED from src/main/AndroidManifest.xml:9:27-74
receiver#de.appplant.cordova.plugin.localnotification.TriggerReceiver
ADDED from src/main/AndroidManifest.xml:21:9-122
	android:exported
		ADDED from src/main/AndroidManifest.xml:21:19-43
	android:name
		ADDED from src/main/AndroidManifest.xml:21:44-119
receiver#de.appplant.cordova.plugin.localnotification.ClearReceiver
ADDED from src/main/AndroidManifest.xml:22:9-120
	android:exported
		ADDED from src/main/AndroidManifest.xml:22:19-43
	android:name
		ADDED from src/main/AndroidManifest.xml:22:44-117
activity#de.appplant.cordova.plugin.localnotification.ClickReceiver
ADDED from src/main/AndroidManifest.xml:23:9-205
	android:launchMode
		ADDED from src/main/AndroidManifest.xml:23:44-79
	android:exported
		ADDED from src/main/AndroidManifest.xml:23:19-43
	android:theme
		ADDED from src/main/AndroidManifest.xml:23:154-202
	android:name
		ADDED from src/main/AndroidManifest.xml:23:80-153
receiver#nl.xservices.plugins.ShareChooserPendingIntent
ADDED from src/main/AndroidManifest.xml:24:9-28:20
	android:enabled
		ADDED from src/main/AndroidManifest.xml:24:19-41
	android:name
		ADDED from src/main/AndroidManifest.xml:24:42-103
intent-filter#android.intent.action.SEND
ADDED from src/main/AndroidManifest.xml:25:13-27:29
action#android.intent.action.SEND
ADDED from src/main/AndroidManifest.xml:26:17-69
	android:name
		ADDED from src/main/AndroidManifest.xml:26:25-66
activity#com.easebuzz.payment.kit.PWECouponsActivity
ADDED from src/main/AndroidManifest.xml:32:9-213
MERGED from [:peb-lib:] AndroidManifest.xml:23:9-29:55
MERGED from [:peb-lib:] AndroidManifest.xml:23:9-29:55
	android:screenOrientation
		ADDED from src/main/AndroidManifest.xml:32:134-170
	android:label
		ADDED from src/main/AndroidManifest.xml:32:44-74
	android:launchMode
		ADDED from [:peb-lib:] AndroidManifest.xml:26:13-43
	android:windowSoftInputMode
		ADDED from src/main/AndroidManifest.xml:32:171-210
	android:exported
		ADDED from src/main/AndroidManifest.xml:32:19-43
	android:theme
		ADDED from [:peb-lib:] AndroidManifest.xml:28:13-52
	android:name
		ADDED from src/main/AndroidManifest.xml:32:75-133
activity#com.easebuzz.payment.kit.PWEProcessPaymentActivity
ADDED from src/main/AndroidManifest.xml:33:9-189
MERGED from [:peb-lib:] AndroidManifest.xml:79:9-83:55
MERGED from [:peb-lib:] AndroidManifest.xml:79:9-83:55
	android:screenOrientation
		ADDED from src/main/AndroidManifest.xml:33:110-146
	android:launchMode
		ADDED from [:peb-lib:] AndroidManifest.xml:81:13-48
	android:exported
		ADDED from src/main/AndroidManifest.xml:33:19-43
	android:theme
		ADDED from src/main/AndroidManifest.xml:33:147-186
	android:name
		ADDED from src/main/AndroidManifest.xml:33:44-109
receiver#com.adobe.phonegap.push.BackgroundActionButtonHandler
ADDED from src/main/AndroidManifest.xml:35:9-90
	android:name
		ADDED from src/main/AndroidManifest.xml:35:19-87
receiver#com.adobe.phonegap.push.PushDismissedHandler
ADDED from src/main/AndroidManifest.xml:36:9-81
	android:name
		ADDED from src/main/AndroidManifest.xml:36:19-78
service#com.adobe.phonegap.push.FCMService
ADDED from src/main/AndroidManifest.xml:37:9-41:19
	android:name
		ADDED from src/main/AndroidManifest.xml:37:18-67
intent-filter#com.google.firebase.MESSAGING_EVENT
ADDED from src/main/AndroidManifest.xml:38:13-40:29
action#com.google.firebase.MESSAGING_EVENT
ADDED from src/main/AndroidManifest.xml:39:17-78
	android:name
		ADDED from src/main/AndroidManifest.xml:39:25-75
service#com.adobe.phonegap.push.PushInstanceIDListenerService
ADDED from src/main/AndroidManifest.xml:42:9-46:19
	android:name
		ADDED from src/main/AndroidManifest.xml:42:18-86
intent-filter#com.google.firebase.INSTANCE_ID_EVENT
ADDED from src/main/AndroidManifest.xml:43:13-45:29
action#com.google.firebase.INSTANCE_ID_EVENT
ADDED from src/main/AndroidManifest.xml:44:17-80
	android:name
		ADDED from src/main/AndroidManifest.xml:44:25-77
uses-sdk
ADDED from src/main/AndroidManifest.xml:48:5-74
INJECTED from src/main/AndroidManifest.xml:48:5-74
MERGED from [me.leolin:ShortcutBadger:1.1.22] AndroidManifest.xml:7:5-9:41
MERGED from [me.leolin:ShortcutBadger:1.1.22] AndroidManifest.xml:7:5-9:41
MERGED from [com.android.support:design:28.0.0] AndroidManifest.xml:20:5-44
MERGED from [com.android.support:design:28.0.0] AndroidManifest.xml:20:5-44
MERGED from [com.android.support:appcompat-v7:28.0.0] AndroidManifest.xml:20:5-44
MERGED from [com.android.support:appcompat-v7:28.0.0] AndroidManifest.xml:20:5-44
MERGED from [com.android.support:cardview-v7:28.0.0] AndroidManifest.xml:20:5-44
MERGED from [com.android.support:cardview-v7:28.0.0] AndroidManifest.xml:20:5-44
MERGED from [com.squareup.picasso:picasso:2.71828] AndroidManifest.xml:5:5-44
MERGED from [com.squareup.picasso:picasso:2.71828] AndroidManifest.xml:5:5-44
MERGED from [com.android.support:recyclerview-v7:28.0.0] AndroidManifest.xml:20:5-44
MERGED from [com.android.support:recyclerview-v7:28.0.0] AndroidManifest.xml:20:5-44
MERGED from [com.android.support:multidex:1.0.2] AndroidManifest.xml:20:5-43
MERGED from [com.android.support:multidex:1.0.2] AndroidManifest.xml:20:5-43
MERGED from [:peb-lib:] AndroidManifest.xml:8:5-11:73
MERGED from [:peb-lib:] AndroidManifest.xml:8:5-11:73
MERGED from [com.android.support:support-v13:28.0.0] AndroidManifest.xml:20:5-44
MERGED from [com.android.support:support-v13:28.0.0] AndroidManifest.xml:20:5-44
MERGED from [com.google.firebase:firebase-messaging:11.6.2] AndroidManifest.xml:17:5-43
MERGED from [com.google.firebase:firebase-messaging:11.6.2] AndroidManifest.xml:17:5-43
MERGED from [com.google.firebase:firebase-core:11.6.2] AndroidManifest.xml:4:5-43
MERGED from [com.google.firebase:firebase-core:11.6.2] AndroidManifest.xml:4:5-43
MERGED from [com.google.firebase:firebase-analytics:11.6.2] AndroidManifest.xml:17:5-43
MERGED from [com.google.firebase:firebase-analytics:11.6.2] AndroidManifest.xml:17:5-43
MERGED from [com.google.firebase:firebase-analytics-impl:11.6.2] AndroidManifest.xml:17:5-43
MERGED from [com.google.firebase:firebase-analytics-impl:11.6.2] AndroidManifest.xml:17:5-43
MERGED from [com.google.firebase:firebase-iid:11.6.2] AndroidManifest.xml:17:5-43
MERGED from [com.google.firebase:firebase-iid:11.6.2] AndroidManifest.xml:17:5-43
MERGED from [com.google.firebase:firebase-common:11.6.2] AndroidManifest.xml:3:5-43
MERGED from [com.google.firebase:firebase-common:11.6.2] AndroidManifest.xml:3:5-43
MERGED from [com.google.android.gms:play-services-tasks:11.6.2] AndroidManifest.xml:3:5-43
MERGED from [com.google.android.gms:play-services-tasks:11.6.2] AndroidManifest.xml:3:5-43
MERGED from [com.google.android.gms:play-services-basement:11.6.2] AndroidManifest.xml:17:5-43
MERGED from [com.google.android.gms:play-services-basement:11.6.2] AndroidManifest.xml:17:5-43
MERGED from [com.android.support:support-v4:28.0.0] AndroidManifest.xml:20:5-44
MERGED from [com.android.support:support-v4:28.0.0] AndroidManifest.xml:20:5-44
MERGED from [:CordovaLib] AndroidManifest.xml:25:5-44
MERGED from [:CordovaLib] AndroidManifest.xml:25:5-44
MERGED from [com.android.support:support-fragment:28.0.0] AndroidManifest.xml:20:5-44
MERGED from [com.android.support:support-fragment:28.0.0] AndroidManifest.xml:20:5-44
MERGED from [com.android.support:animated-vector-drawable:28.0.0] AndroidManifest.xml:20:5-44
MERGED from [com.android.support:animated-vector-drawable:28.0.0] AndroidManifest.xml:20:5-44
MERGED from [com.android.support:support-core-ui:28.0.0] AndroidManifest.xml:20:5-44
MERGED from [com.android.support:support-core-ui:28.0.0] AndroidManifest.xml:20:5-44
MERGED from [com.android.support:support-core-utils:28.0.0] AndroidManifest.xml:20:5-44
MERGED from [com.android.support:support-core-utils:28.0.0] AndroidManifest.xml:20:5-44
MERGED from [com.android.support:transition:28.0.0] AndroidManifest.xml:20:5-44
MERGED from [com.android.support:transition:28.0.0] AndroidManifest.xml:20:5-44
MERGED from [com.android.support:support-vector-drawable:28.0.0] AndroidManifest.xml:20:5-44
MERGED from [com.android.support:support-vector-drawable:28.0.0] AndroidManifest.xml:20:5-44
MERGED from [com.android.support:viewpager:28.0.0] AndroidManifest.xml:20:5-44
MERGED from [com.android.support:viewpager:28.0.0] AndroidManifest.xml:20:5-44
MERGED from [com.android.support:coordinatorlayout:28.0.0] AndroidManifest.xml:20:5-44
MERGED from [com.android.support:coordinatorlayout:28.0.0] AndroidManifest.xml:20:5-44
MERGED from [com.android.support:drawerlayout:28.0.0] AndroidManifest.xml:20:5-44
MERGED from [com.android.support:drawerlayout:28.0.0] AndroidManifest.xml:20:5-44
MERGED from [com.android.support:slidingpanelayout:28.0.0] AndroidManifest.xml:20:5-44
MERGED from [com.android.support:slidingpanelayout:28.0.0] AndroidManifest.xml:20:5-44
MERGED from [com.android.support:customview:28.0.0] AndroidManifest.xml:20:5-44
MERGED from [com.android.support:customview:28.0.0] AndroidManifest.xml:20:5-44
MERGED from [com.android.support:swiperefreshlayout:28.0.0] AndroidManifest.xml:20:5-44
MERGED from [com.android.support:swiperefreshlayout:28.0.0] AndroidManifest.xml:20:5-44
MERGED from [com.android.support:asynclayoutinflater:28.0.0] AndroidManifest.xml:20:5-44
MERGED from [com.android.support:asynclayoutinflater:28.0.0] AndroidManifest.xml:20:5-44
MERGED from [com.android.support:loader:28.0.0] AndroidManifest.xml:20:5-44
MERGED from [com.android.support:loader:28.0.0] AndroidManifest.xml:20:5-44
MERGED from [com.android.support:support-media-compat:28.0.0] AndroidManifest.xml:20:5-44
MERGED from [com.android.support:support-media-compat:28.0.0] AndroidManifest.xml:20:5-44
MERGED from [com.android.support:support-compat:28.0.0] AndroidManifest.xml:20:5-44
MERGED from [com.android.support:support-compat:28.0.0] AndroidManifest.xml:20:5-44
MERGED from [com.android.support:versionedparcelable:28.0.0] AndroidManifest.xml:20:5-44
MERGED from [com.android.support:versionedparcelable:28.0.0] AndroidManifest.xml:20:5-44
MERGED from [com.android.support:cursoradapter:28.0.0] AndroidManifest.xml:20:5-44
MERGED from [com.android.support:cursoradapter:28.0.0] AndroidManifest.xml:20:5-44
MERGED from [com.android.support:exifinterface:27.1.0] AndroidManifest.xml:20:5-44
MERGED from [com.android.support:exifinterface:27.1.0] AndroidManifest.xml:20:5-44
MERGED from [android.arch.lifecycle:runtime:1.1.1] AndroidManifest.xml:20:5-44
MERGED from [android.arch.lifecycle:runtime:1.1.1] AndroidManifest.xml:20:5-44
MERGED from [com.android.support:interpolator:28.0.0] AndroidManifest.xml:20:5-44
MERGED from [com.android.support:interpolator:28.0.0] AndroidManifest.xml:20:5-44
MERGED from [com.android.support:documentfile:28.0.0] AndroidManifest.xml:20:5-44
MERGED from [com.android.support:documentfile:28.0.0] AndroidManifest.xml:20:5-44
MERGED from [com.android.support:localbroadcastmanager:28.0.0] AndroidManifest.xml:20:5-44
MERGED from [com.android.support:localbroadcastmanager:28.0.0] AndroidManifest.xml:20:5-44
MERGED from [com.android.support:print:28.0.0] AndroidManifest.xml:20:5-44
MERGED from [com.android.support:print:28.0.0] AndroidManifest.xml:20:5-44
MERGED from [android.arch.lifecycle:viewmodel:1.1.1] AndroidManifest.xml:20:5-44
MERGED from [android.arch.lifecycle:viewmodel:1.1.1] AndroidManifest.xml:20:5-44
MERGED from [android.arch.lifecycle:livedata:1.1.1] AndroidManifest.xml:20:5-44
MERGED from [android.arch.lifecycle:livedata:1.1.1] AndroidManifest.xml:20:5-44
MERGED from [android.arch.lifecycle:livedata-core:1.1.1] AndroidManifest.xml:20:5-44
MERGED from [android.arch.lifecycle:livedata-core:1.1.1] AndroidManifest.xml:20:5-44
MERGED from [android.arch.core:runtime:1.1.1] AndroidManifest.xml:20:5-44
MERGED from [android.arch.core:runtime:1.1.1] AndroidManifest.xml:20:5-44
MERGED from [com.google.firebase:firebase-messaging-license:11.6.2] AndroidManifest.xml:4:5-43
MERGED from [com.google.firebase:firebase-messaging-license:11.6.2] AndroidManifest.xml:4:5-43
MERGED from [com.google.firebase:firebase-iid-license:11.6.2] AndroidManifest.xml:4:5-43
MERGED from [com.google.firebase:firebase-iid-license:11.6.2] AndroidManifest.xml:4:5-43
MERGED from [com.google.android.gms:play-services-basement-license:11.6.2] AndroidManifest.xml:4:5-43
MERGED from [com.google.android.gms:play-services-basement-license:11.6.2] AndroidManifest.xml:4:5-43
MERGED from [com.google.firebase:firebase-common-license:11.6.2] AndroidManifest.xml:4:5-43
MERGED from [com.google.firebase:firebase-common-license:11.6.2] AndroidManifest.xml:4:5-43
MERGED from [com.google.firebase:firebase-analytics-license:11.6.2] AndroidManifest.xml:4:5-43
MERGED from [com.google.firebase:firebase-analytics-license:11.6.2] AndroidManifest.xml:4:5-43
MERGED from [com.google.android.gms:play-services-tasks-license:11.6.2] AndroidManifest.xml:4:5-43
MERGED from [com.google.android.gms:play-services-tasks-license:11.6.2] AndroidManifest.xml:4:5-43
MERGED from [com.google.firebase:firebase-analytics-impl-license:11.6.2] AndroidManifest.xml:4:5-43
MERGED from [com.google.firebase:firebase-analytics-impl-license:11.6.2] AndroidManifest.xml:4:5-43
INJECTED from src/main/AndroidManifest.xml:48:5-74
	tools:overrideLibrary
		ADDED from [:peb-lib:] AndroidManifest.xml:11:9-70
	android:targetSdkVersion
		ADDED from src/main/AndroidManifest.xml:48:42-71
	android:minSdkVersion
		ADDED from src/main/AndroidManifest.xml:48:15-41
		INJECTED from src/main/AndroidManifest.xml
		INJECTED from src/main/AndroidManifest.xml
uses-permission#android.permission.WRITE_EXTERNAL_STORAGE
ADDED from src/main/AndroidManifest.xml:49:5-81
	android:name
		ADDED from src/main/AndroidManifest.xml:49:22-78
uses-permission#android.permission.GET_ACCOUNTS
ADDED from src/main/AndroidManifest.xml:50:5-71
	android:name
		ADDED from src/main/AndroidManifest.xml:50:22-68
uses-permission#android.permission.READ_EXTERNAL_STORAGE
ADDED from src/main/AndroidManifest.xml:51:5-80
	android:name
		ADDED from src/main/AndroidManifest.xml:51:22-77
uses-permission#android.permission.WAKE_LOCK
ADDED from src/main/AndroidManifest.xml:52:5-68
MERGED from [com.google.firebase:firebase-analytics:11.6.2] AndroidManifest.xml:22:5-67
MERGED from [com.google.firebase:firebase-analytics:11.6.2] AndroidManifest.xml:22:5-67
MERGED from [com.google.firebase:firebase-analytics-impl:11.6.2] AndroidManifest.xml:22:5-67
MERGED from [com.google.firebase:firebase-analytics-impl:11.6.2] AndroidManifest.xml:22:5-67
MERGED from [com.google.firebase:firebase-iid:11.6.2] AndroidManifest.xml:21:5-67
MERGED from [com.google.firebase:firebase-iid:11.6.2] AndroidManifest.xml:21:5-67
	android:name
		ADDED from src/main/AndroidManifest.xml:52:22-65
uses-permission#android.permission.CALL_PHONE
ADDED from src/main/AndroidManifest.xml:53:5-69
	android:name
		ADDED from src/main/AndroidManifest.xml:53:22-66
uses-feature#android.hardware.telephony
ADDED from src/main/AndroidManifest.xml:54:5-88
	android:required
		ADDED from src/main/AndroidManifest.xml:54:61-85
	android:name
		ADDED from src/main/AndroidManifest.xml:54:19-60
uses-permission#android.permission.ACCESS_NETWORK_STATE
ADDED from src/main/AndroidManifest.xml:55:5-79
MERGED from [:peb-lib:] AndroidManifest.xml:14:5-79
MERGED from [:peb-lib:] AndroidManifest.xml:14:5-79
MERGED from [com.google.firebase:firebase-analytics:11.6.2] AndroidManifest.xml:21:5-78
MERGED from [com.google.firebase:firebase-analytics:11.6.2] AndroidManifest.xml:21:5-78
MERGED from [com.google.firebase:firebase-analytics-impl:11.6.2] AndroidManifest.xml:21:5-78
MERGED from [com.google.firebase:firebase-analytics-impl:11.6.2] AndroidManifest.xml:21:5-78